{"C:\\Users\\reyma\\React-Devtalles\\02-first-steps\\src\\FirstStepsApp.tsx": {"path":"C:\\Users\\reyma\\React-Devtalles\\02-first-steps\\src\\FirstStepsApp.tsx","statementMap":{"0":{"start":{"line":9,"column":36},"end":{"line":13,"column":null}}},"fnMap":{"0":{"name":"FirstStepsApp","decl":{"start":{"line":8,"column":16},"end":{"line":8,"column":null}},"loc":{"start":{"line":8,"column":16},"end":{"line":26,"column":null}},"line":8}},"branchMap":{},"s":{"0":3},"f":{"0":3},"b":{},"meta":{"lastBranch":0,"lastFunction":1,"lastStatement":1,"seen":{"f:8:16:8:Infinity":0,"s:9:36:13:Infinity":0}}}
,"C:\\Users\\reyma\\React-Devtalles\\02-first-steps\\src\\MyAwesomeApp.tsx": {"path":"C:\\Users\\reyma\\React-Devtalles\\02-first-steps\\src\\MyAwesomeApp.tsx","statementMap":{"0":{"start":{"line":3,"column":18},"end":{"line":3,"column":null}},"1":{"start":{"line":4,"column":17},"end":{"line":4,"column":null}},"2":{"start":{"line":6,"column":22},"end":{"line":12,"column":null}},"3":{"start":{"line":14,"column":17},"end":{"line":14,"column":null}},"4":{"start":{"line":16,"column":16},"end":{"line":19,"column":null}},"5":{"start":{"line":21,"column":36},"end":{"line":27,"column":null}},"6":{"start":{"line":29,"column":28},"end":{"line":52,"column":null}}},"fnMap":{"0":{"name":"(anonymous_0)","decl":{"start":{"line":29,"column":28},"end":{"line":29,"column":null}},"loc":{"start":{"line":29,"column":28},"end":{"line":52,"column":null}},"line":29}},"branchMap":{},"s":{"0":1,"1":1,"2":1,"3":1,"4":1,"5":1,"6":1},"f":{"0":3},"b":{},"meta":{"lastBranch":0,"lastFunction":1,"lastStatement":7,"seen":{"s:3:18:3:Infinity":0,"s:4:17:4:Infinity":1,"s:6:22:12:Infinity":2,"s:14:17:14:Infinity":3,"s:16:16:19:Infinity":4,"s:21:36:27:Infinity":5,"s:29:28:52:Infinity":6,"f:29:28:29:Infinity":0}}}
,"C:\\Users\\reyma\\React-Devtalles\\02-first-steps\\src\\helpers\\math.helper.ts": {"path":"C:\\Users\\reyma\\React-Devtalles\\02-first-steps\\src\\helpers\\math.helper.ts","statementMap":{"0":{"start":{"line":1,"column":19},"end":{"line":3,"column":null}},"1":{"start":{"line":2,"column":2},"end":{"line":2,"column":null}},"2":{"start":{"line":5,"column":24},"end":{"line":5,"column":null}},"3":{"start":{"line":5,"column":50},"end":{"line":5,"column":null}},"4":{"start":{"line":7,"column":24},"end":{"line":7,"column":null}},"5":{"start":{"line":7,"column":50},"end":{"line":7,"column":null}},"6":{"start":{"line":9,"column":22},"end":{"line":9,"column":null}},"7":{"start":{"line":9,"column":48},"end":{"line":9,"column":null}}},"fnMap":{"0":{"name":"(anonymous_0)","decl":{"start":{"line":1,"column":19},"end":{"line":1,"column":20}},"loc":{"start":{"line":1,"column":31},"end":{"line":3,"column":null}},"line":1},"1":{"name":"(anonymous_1)","decl":{"start":{"line":5,"column":24},"end":{"line":5,"column":25}},"loc":{"start":{"line":5,"column":50},"end":{"line":5,"column":null}},"line":5},"2":{"name":"(anonymous_2)","decl":{"start":{"line":7,"column":24},"end":{"line":7,"column":25}},"loc":{"start":{"line":7,"column":50},"end":{"line":7,"column":null}},"line":7},"3":{"name":"(anonymous_3)","decl":{"start":{"line":9,"column":22},"end":{"line":9,"column":23}},"loc":{"start":{"line":9,"column":48},"end":{"line":9,"column":null}},"line":9}},"branchMap":{},"s":{"0":1,"1":1,"2":1,"3":2,"4":1,"5":2,"6":1,"7":1},"f":{"0":1,"1":2,"2":2,"3":1},"b":{},"meta":{"lastBranch":0,"lastFunction":4,"lastStatement":8,"seen":{"s:1:19:3:Infinity":0,"f:1:19:1:20":0,"s:2:2:2:Infinity":1,"s:5:24:5:Infinity":2,"f:5:24:5:25":1,"s:5:50:5:Infinity":3,"s:7:24:7:Infinity":4,"f:7:24:7:25":2,"s:7:50:7:Infinity":5,"s:9:22:9:Infinity":6,"f:9:22:9:23":3,"s:9:48:9:Infinity":7}}}
,"C:\\Users\\reyma\\React-Devtalles\\02-first-steps\\src\\shopping-cart\\ItemCounter.module.css": {"path":"C:\\Users\\reyma\\React-Devtalles\\02-first-steps\\src\\shopping-cart\\ItemCounter.module.css","statementMap":{},"fnMap":{},"branchMap":{},"s":{},"f":{},"b":{},"meta":{"lastBranch":0,"lastFunction":0,"lastStatement":0,"seen":{}}}
,"C:\\Users\\reyma\\React-Devtalles\\02-first-steps\\src\\shopping-cart\\ItemCounter.tsx": {"path":"C:\\Users\\reyma\\React-Devtalles\\02-first-steps\\src\\shopping-cart\\ItemCounter.tsx","statementMap":{"0":{"start":{"line":10,"column":25},"end":{"line":10,"column":null}},"1":{"start":{"line":12,"column":20},"end":{"line":14,"column":null}},"2":{"start":{"line":13,"column":4},"end":{"line":13,"column":null}},"3":{"start":{"line":16,"column":25},"end":{"line":19,"column":null}},"4":{"start":{"line":17,"column":4},"end":{"line":17,"column":null}},"5":{"start":{"line":17,"column":21},"end":{"line":17,"column":null}},"6":{"start":{"line":18,"column":4},"end":{"line":18,"column":null}},"7":{"start":{"line":33,"column":10},"end":{"line":33,"column":null}},"8":{"start":{"line":41,"column":10},"end":{"line":41,"column":null}}},"fnMap":{"0":{"name":"ItemCounter","decl":{"start":{"line":9,"column":16},"end":{"line":9,"column":28}},"loc":{"start":{"line":9,"column":57},"end":{"line":48,"column":null}},"line":9},"1":{"name":"(anonymous_1)","decl":{"start":{"line":12,"column":20},"end":{"line":12,"column":null}},"loc":{"start":{"line":12,"column":20},"end":{"line":14,"column":null}},"line":12},"2":{"name":"(anonymous_2)","decl":{"start":{"line":16,"column":25},"end":{"line":16,"column":null}},"loc":{"start":{"line":16,"column":25},"end":{"line":19,"column":null}},"line":16},"3":{"name":"(anonymous_3)","decl":{"start":{"line":32,"column":17},"end":{"line":32,"column":null}},"loc":{"start":{"line":32,"column":17},"end":{"line":34,"column":null}},"line":32},"4":{"name":"(anonymous_4)","decl":{"start":{"line":40,"column":17},"end":{"line":40,"column":null}},"loc":{"start":{"line":40,"column":17},"end":{"line":42,"column":null}},"line":40}},"branchMap":{"0":{"loc":{"start":{"line":9,"column":36},"end":{"line":9,"column":48}},"type":"default-arg","locations":[{"start":{"line":9,"column":47},"end":{"line":9,"column":48}}],"line":9},"1":{"loc":{"start":{"line":17,"column":4},"end":{"line":17,"column":null}},"type":"if","locations":[{"start":{"line":17,"column":4},"end":{"line":17,"column":null}},{"start":{},"end":{}}],"line":17},"2":{"loc":{"start":{"line":26,"column":17},"end":{"line":26,"column":null}},"type":"cond-expr","locations":[{"start":{"line":26,"column":31},"end":{"line":26,"column":39}},{"start":{"line":26,"column":39},"end":{"line":26,"column":null}}],"line":26}},"s":{"0":9,"1":9,"2":1,"3":9,"4":2,"5":1,"6":1,"7":1,"8":2},"f":{"0":9,"1":1,"2":2,"3":1,"4":2},"b":{"0":[9],"1":[1,1],"2":[4,5]},"meta":{"lastBranch":3,"lastFunction":5,"lastStatement":9,"seen":{"f:9:16:9:28":0,"b:9:47:9:48":0,"s:10:25:10:Infinity":0,"s:12:20:14:Infinity":1,"f:12:20:12:Infinity":1,"s:13:4:13:Infinity":2,"s:16:25:19:Infinity":3,"f:16:25:16:Infinity":2,"b:17:4:17:Infinity:undefined:undefined:undefined:undefined":1,"s:17:4:17:Infinity":4,"s:17:21:17:Infinity":5,"s:18:4:18:Infinity":6,"b:26:31:26:39:26:39:26:Infinity":2,"f:32:17:32:Infinity":3,"s:33:10:33:Infinity":7,"f:40:17:40:Infinity":4,"s:41:10:41:Infinity":8}}}
}
